<?xml version="1.0" encoding="UTF-8"?>
<!-- Generated by org.testng.reporters.JUnitReportReporter -->
<testsuite skipped="0" hostname="ATMECSINLT-085" name="org.atmecs.website.testscripts.TestNGMethod" tests="1" failures="0" timestamp="22 Oct 2019 14:54:18 GMT" time="65.996" errors="0">
  <testcase name="xmlsuite" time="65.996" classname="org.atmecs.website.testscripts.TestNGMethod"/>
</testsuite> <!-- org.atmecs.website.testscripts.TestNGMethod -->
